<?xml version="1.0" encoding="UTF-8"?>
<testsuite xmlns:xsi="http://www.w3.org/2001/XMLSchema-instance" xsi:noNamespaceSchemaLocation="https://maven.apache.org/surefire/maven-surefire-plugin/xsd/surefire-test-report-3.0.xsd" version="3.0" name="com.example.LionTest" time="0.018" tests="8" errors="0" skipped="0" failures="0">
  <properties>
[...]
</properties>
  <testcase name="testException[0]" classname="com.example.LionTest" time="0.007"/>
  <testcase name="checkGetFood[0]" classname="com.example.LionTest" time="0.004"/>
  <testcase name="checkDoesHaveMane[0]" classname="com.example.LionTest" time="0.001"/>
  <testcase name="checkGetKittens[0]" classname="com.example.LionTest" time="0.002"/>
  <testcase name="testException[1]" classname="com.example.LionTest" time="0.001"/>
  <testcase name="checkGetFood[1]" classname="com.example.LionTest" time="0.001"/>
  <testcase name="checkDoesHaveMane[1]" classname="com.example.LionTest" time="0"/>
  <testcase name="checkGetKittens[1]" classname="com.example.LionTest" time="0.001"/>
</testsuite>